-------------------------------------------------------------------------------
Test set: cn.loosoft.stuwork.backmanage.unit.dao.account.RoleDaoTest
-------------------------------------------------------------------------------
Tests run: 1, Failures: 0, Errors: 1, Skipped: 0, Time elapsed: 0.072 sec <<< FAILURE!
deleteRole(cn.loosoft.stuwork.backmanage.unit.dao.account.RoleDaoTest)  Time elapsed: 0.034 sec  <<< ERROR!
org.hibernate.exception.SQLGrammarException: could not load an entity: [cn.loosoft.stuwork.backmanage.entity.account.User#1]
	at org.hibernate.exception.SQLStateConverter.convert(SQLStateConverter.java:90)
	at org.hibernate.exception.JDBCExceptionHelper.convert(JDBCExceptionHelper.java:66)
	at org.hibernate.loader.Loader.loadEntity(Loader.java:1899)
	at org.hibernate.loader.entity.AbstractEntityLoader.load(AbstractEntityLoader.java:71)
	at org.hibernate.loader.entity.AbstractEntityLoader.load(AbstractEntityLoader.java:65)
	at org.hibernate.persister.entity.AbstractEntityPersister.load(AbstractEntityPersister.java:3062)
	at org.hibernate.event.def.DefaultLoadEventListener.loadFromDatasource(DefaultLoadEventListener.java:434)
	at org.hibernate.event.def.DefaultLoadEventListener.doLoad(DefaultLoadEventListener.java:415)
	at org.hibernate.event.def.DefaultLoadEventListener.load(DefaultLoadEventListener.java:165)
	at org.hibernate.event.def.DefaultLoadEventListener.onLoad(DefaultLoadEventListener.java:121)
	at org.hibernate.impl.SessionImpl.fireLoad(SessionImpl.java:906)
	at org.hibernate.impl.SessionImpl.immediateLoad(SessionImpl.java:864)
	at org.hibernate.proxy.AbstractLazyInitializer.initialize(AbstractLazyInitializer.java:141)
	at org.hibernate.proxy.AbstractLazyInitializer.getImplementation(AbstractLazyInitializer.java:174)
	at org.hibernate.proxy.pojo.javassist.JavassistLazyInitializer.invoke(JavassistLazyInitializer.java:190)
	at cn.loosoft.stuwork.backmanage.entity.account.User_$$_javassist_11.getRoleList(User_$$_javassist_11.java)
	at cn.loosoft.stuwork.backmanage.unit.dao.account.RoleDaoTest.deleteRole(RoleDaoTest.java:36)
	at sun.reflect.NativeMethodAccessorImpl.invoke0(Native Method)
	at sun.reflect.NativeMethodAccessorImpl.invoke(NativeMethodAccessorImpl.java:39)
	at sun.reflect.DelegatingMethodAccessorImpl.invoke(DelegatingMethodAccessorImpl.java:25)
	at java.lang.reflect.Method.invoke(Method.java:597)
	at org.junit.runners.model.FrameworkMethod$1.runReflectiveCall(FrameworkMethod.java:44)
	at org.junit.internal.runners.model.ReflectiveCallable.run(ReflectiveCallable.java:15)
	at org.junit.runners.model.FrameworkMethod.invokeExplosively(FrameworkMethod.java:41)
	at org.junit.internal.runners.statements.InvokeMethod.evaluate(InvokeMethod.java:20)
	at org.junit.internal.runners.statements.RunBefores.evaluate(RunBefores.java:28)
	at org.springframework.test.context.junit4.statements.RunBeforeTestMethodCallbacks.evaluate(RunBeforeTestMethodCallbacks.java:74)
	at org.springframework.test.context.junit4.statements.RunAfterTestMethodCallbacks.evaluate(RunAfterTestMethodCallbacks.java:82)
	at org.springframework.test.context.junit4.statements.SpringRepeat.evaluate(SpringRepeat.java:72)
	at org.springframework.test.context.junit4.SpringJUnit4ClassRunner.runChild(SpringJUnit4ClassRunner.java:240)
	at org.junit.runners.BlockJUnit4ClassRunner.runChild(BlockJUnit4ClassRunner.java:50)
	at org.junit.runners.ParentRunner$3.run(ParentRunner.java:193)
	at org.junit.runners.ParentRunner$1.schedule(ParentRunner.java:52)
	at org.junit.runners.ParentRunner.runChildren(ParentRunner.java:191)
	at org.junit.runners.ParentRunner.access$000(ParentRunner.java:42)
	at org.junit.runners.ParentRunner$2.evaluate(ParentRunner.java:184)
	at org.springframework.test.context.junit4.statements.RunBeforeTestClassCallbacks.evaluate(RunBeforeTestClassCallbacks.java:61)
	at org.springframework.test.context.junit4.statements.RunAfterTestClassCallbacks.evaluate(RunAfterTestClassCallbacks.java:70)
	at org.junit.runners.ParentRunner.run(ParentRunner.java:236)
	at org.springframework.test.context.junit4.SpringJUnit4ClassRunner.run(SpringJUnit4ClassRunner.java:180)
	at org.apache.maven.surefire.junit4.JUnit4TestSet.execute(JUnit4TestSet.java:59)
	at org.apache.maven.surefire.suite.AbstractDirectoryTestSuite.executeTestSet(AbstractDirectoryTestSuite.java:115)
	at org.apache.maven.surefire.suite.AbstractDirectoryTestSuite.execute(AbstractDirectoryTestSuite.java:102)
	at org.apache.maven.surefire.Surefire.run(Surefire.java:180)
	at sun.reflect.NativeMethodAccessorImpl.invoke0(Native Method)
	at sun.reflect.NativeMethodAccessorImpl.invoke(NativeMethodAccessorImpl.java:39)
	at sun.reflect.DelegatingMethodAccessorImpl.invoke(DelegatingMethodAccessorImpl.java:25)
	at java.lang.reflect.Method.invoke(Method.java:597)
	at org.apache.maven.surefire.booter.SurefireBooter.runSuitesInProcess(SurefireBooter.java:350)
	at org.apache.maven.surefire.booter.SurefireBooter.main(SurefireBooter.java:1021)
Caused by: org.h2.jdbc.JdbcSQLException: Column "USER0_.CLAZZCODE" not found; SQL statement:
select user0_.id as id3_0_, user0_.clazzCode as clazzCode3_0_, user0_.clazzName as clazzName3_0_, user0_.createDate as createDate3_0_, user0_.departmentID as departm11_3_0_, user0_.email as email3_0_, user0_.examineeNo as examineeNo3_0_, user0_.instituteID as institu12_3_0_, user0_.loginName as loginName3_0_, user0_.name as name3_0_, user0_.password as password3_0_, user0_.specialtyID as special13_3_0_, user0_.type as type3_0_ from acct_user user0_ where user0_.id=? [42122-133]
	at org.h2.message.DbException.getJdbcSQLException(DbException.java:316)
	at org.h2.message.DbException.get(DbException.java:167)
	at org.h2.message.DbException.get(DbException.java:144)
	at org.h2.expression.ExpressionColumn.optimize(ExpressionColumn.java:126)
	at org.h2.expression.Alias.optimize(Alias.java:47)
	at org.h2.command.dml.Select.prepare(Select.java:713)
	at org.h2.command.Parser.prepareCommand(Parser.java:223)
	at org.h2.engine.Session.prepareLocal(Session.java:420)
	at org.h2.engine.Session.prepareCommand(Session.java:381)
	at org.h2.jdbc.JdbcConnection.prepareCommand(JdbcConnection.java:1071)
	at org.h2.jdbc.JdbcPreparedStatement.<init>(JdbcPreparedStatement.java:71)
	at org.h2.jdbc.JdbcConnection.prepareStatement(JdbcConnection.java:234)
	at org.hibernate.jdbc.AbstractBatcher.getPreparedStatement(AbstractBatcher.java:534)
	at org.hibernate.jdbc.AbstractBatcher.getPreparedStatement(AbstractBatcher.java:452)
	at org.hibernate.jdbc.AbstractBatcher.prepareQueryStatement(AbstractBatcher.java:161)
	at org.hibernate.loader.Loader.prepareQueryStatement(Loader.java:1577)
	at org.hibernate.loader.Loader.doQuery(Loader.java:696)
	at org.hibernate.loader.Loader.doQueryAndInitializeNonLazyCollections(Loader.java:259)
	at org.hibernate.loader.Loader.loadEntity(Loader.java:1885)
	... 47 more

