<?xml version="1.0" encoding="UTF-8" ?>
<testsuite failures="0" time="0.052" errors="2" skipped="0" tests="2" name="cn.loosoft.stuwork.backmanage.functional.account.SecurityTest">
  <properties>
[...]
</properties>
  <testcase time="0.196" classname="cn.loosoft.stuwork.backmanage.functional.account.SecurityTest" name="cn.loosoft.stuwork.backmanage.functional.account.SecurityTest">
    <error type="java.lang.NullPointerException">java.lang.NullPointerException
	at org.springside.modules.test.utils.DBUnitUtils.loadDbUnitData(DBUnitUtils.java:18)
	at cn.loosoft.stuwork.backmanage.functional.BaseFunctionalTestCase.loadDefaultData(BaseFunctionalTestCase.java:82)
	at cn.loosoft.stuwork.backmanage.functional.BaseFunctionalTestCase.initAll(BaseFunctionalTestCase.java:53)
	at sun.reflect.NativeMethodAccessorImpl.invoke0(Native Method)
	at sun.reflect.NativeMethodAccessorImpl.invoke(NativeMethodAccessorImpl.java:39)
	at sun.reflect.DelegatingMethodAccessorImpl.invoke(DelegatingMethodAccessorImpl.java:25)
	at java.lang.reflect.Method.invoke(Method.java:597)
	at org.junit.runners.model.FrameworkMethod$1.runReflectiveCall(FrameworkMethod.java:44)
	at org.junit.internal.runners.model.ReflectiveCallable.run(ReflectiveCallable.java:15)
	at org.junit.runners.model.FrameworkMethod.invokeExplosively(FrameworkMethod.java:41)
	at org.junit.internal.runners.statements.RunBefores.evaluate(RunBefores.java:27)
	at org.junit.internal.runners.statements.RunAfters.evaluate(RunAfters.java:31)
	at org.junit.runners.ParentRunner.run(ParentRunner.java:236)
	at org.springside.modules.test.groups.GroupsTestRunner.run(GroupsTestRunner.java:71)
	at org.apache.maven.surefire.junit4.JUnit4TestSet.execute(JUnit4TestSet.java:59)
	at org.apache.maven.surefire.suite.AbstractDirectoryTestSuite.executeTestSet(AbstractDirectoryTestSuite.java:115)
	at org.apache.maven.surefire.suite.AbstractDirectoryTestSuite.execute(AbstractDirectoryTestSuite.java:102)
	at org.apache.maven.surefire.Surefire.run(Surefire.java:180)
	at sun.reflect.NativeMethodAccessorImpl.invoke0(Native Method)
	at sun.reflect.NativeMethodAccessorImpl.invoke(NativeMethodAccessorImpl.java:39)
	at sun.reflect.DelegatingMethodAccessorImpl.invoke(DelegatingMethodAccessorImpl.java:25)
	at java.lang.reflect.Method.invoke(Method.java:597)
	at org.apache.maven.surefire.booter.SurefireBooter.runSuitesInProcess(SurefireBooter.java:350)
	at org.apache.maven.surefire.booter.SurefireBooter.main(SurefireBooter.java:1021)
</error>
    <system-out>Hibernate: 
    insert 
    into
        acct_role
        (id, name) 
    values
        (null, ?)
Hibernate: 
    select
        user0_.id as id3_0_,
        user0_.clazzCode as clazzCode3_0_,
        user0_.clazzName as clazzName3_0_,
        user0_.createDate as createDate3_0_,
        user0_.departmentID as departm11_3_0_,
        user0_.email as email3_0_,
        user0_.examineeNo as examineeNo3_0_,
        user0_.instituteID as institu12_3_0_,
        user0_.loginName as loginName3_0_,
        user0_.name as name3_0_,
        user0_.password as password3_0_,
        user0_.specialtyID as special13_3_0_,
        user0_.type as type3_0_ 
    from
        acct_user user0_ 
    where
        user0_.id=?
</system-out>
  </testcase>
  <testcase time="0.196" classname="cn.loosoft.stuwork.backmanage.functional.account.SecurityTest" name="cn.loosoft.stuwork.backmanage.functional.account.SecurityTest">
    <error type="java.lang.NullPointerException">java.lang.NullPointerException
	at cn.loosoft.stuwork.backmanage.functional.BaseFunctionalTestCase.stopWebDriver(BaseFunctionalTestCase.java:60)
	at sun.reflect.NativeMethodAccessorImpl.invoke0(Native Method)
	at sun.reflect.NativeMethodAccessorImpl.invoke(NativeMethodAccessorImpl.java:39)
	at sun.reflect.DelegatingMethodAccessorImpl.invoke(DelegatingMethodAccessorImpl.java:25)
	at java.lang.reflect.Method.invoke(Method.java:597)
	at org.junit.runners.model.FrameworkMethod$1.runReflectiveCall(FrameworkMethod.java:44)
	at org.junit.internal.runners.model.ReflectiveCallable.run(ReflectiveCallable.java:15)
	at org.junit.runners.model.FrameworkMethod.invokeExplosively(FrameworkMethod.java:41)
	at org.junit.internal.runners.statements.RunAfters.evaluate(RunAfters.java:37)
	at org.junit.runners.ParentRunner.run(ParentRunner.java:236)
	at org.springside.modules.test.groups.GroupsTestRunner.run(GroupsTestRunner.java:71)
	at org.apache.maven.surefire.junit4.JUnit4TestSet.execute(JUnit4TestSet.java:59)
	at org.apache.maven.surefire.suite.AbstractDirectoryTestSuite.executeTestSet(AbstractDirectoryTestSuite.java:115)
	at org.apache.maven.surefire.suite.AbstractDirectoryTestSuite.execute(AbstractDirectoryTestSuite.java:102)
	at org.apache.maven.surefire.Surefire.run(Surefire.java:180)
	at sun.reflect.NativeMethodAccessorImpl.invoke0(Native Method)
	at sun.reflect.NativeMethodAccessorImpl.invoke(NativeMethodAccessorImpl.java:39)
	at sun.reflect.DelegatingMethodAccessorImpl.invoke(DelegatingMethodAccessorImpl.java:25)
	at java.lang.reflect.Method.invoke(Method.java:597)
	at org.apache.maven.surefire.booter.SurefireBooter.runSuitesInProcess(SurefireBooter.java:350)
	at org.apache.maven.surefire.booter.SurefireBooter.main(SurefireBooter.java:1021)
</error>
    <system-out>Hibernate: 
    insert 
    into
        acct_role
        (id, name) 
    values
        (null, ?)
Hibernate: 
    select
        user0_.id as id3_0_,
        user0_.clazzCode as clazzCode3_0_,
        user0_.clazzName as clazzName3_0_,
        user0_.createDate as createDate3_0_,
        user0_.departmentID as departm11_3_0_,
        user0_.email as email3_0_,
        user0_.examineeNo as examineeNo3_0_,
        user0_.instituteID as institu12_3_0_,
        user0_.loginName as loginName3_0_,
        user0_.name as name3_0_,
        user0_.password as password3_0_,
        user0_.specialtyID as special13_3_0_,
        user0_.type as type3_0_ 
    from
        acct_user user0_ 
    where
        user0_.id=?
</system-out>
  </testcase>
</testsuite>