-------------------------------------------------------------------------------
Test set: cn.loosoft.stuwork.workstudy.unit.dao.HibernateMappingTest
-------------------------------------------------------------------------------
Tests run: 1, Failures: 0, Errors: 1, Skipped: 0, Time elapsed: 3.823 sec <<< FAILURE!
allClassMapping(cn.loosoft.stuwork.workstudy.unit.dao.HibernateMappingTest)  Time elapsed: 3.548 sec  <<< ERROR!
org.hibernate.exception.SQLGrammarException: could not execute query using iterate
	at org.hibernate.exception.SQLStateConverter.convert(SQLStateConverter.java:90)
	at org.hibernate.exception.JDBCExceptionHelper.convert(JDBCExceptionHelper.java:66)
	at org.hibernate.loader.hql.QueryLoader.iterate(QueryLoader.java:450)
	at org.hibernate.hql.ast.QueryTranslatorImpl.iterate(QueryTranslatorImpl.java:405)
	at org.hibernate.engine.query.HQLQueryPlan.performIterate(HQLQueryPlan.java:248)
	at org.hibernate.impl.SessionImpl.iterate(SessionImpl.java:1220)
	at org.hibernate.impl.QueryImpl.iterate(QueryImpl.java:69)
	at cn.loosoft.stuwork.workstudy.unit.dao.HibernateMappingTest.allClassMapping(HibernateMappingTest.java:39)
	at sun.reflect.NativeMethodAccessorImpl.invoke0(Native Method)
	at sun.reflect.NativeMethodAccessorImpl.invoke(NativeMethodAccessorImpl.java:39)
	at sun.reflect.DelegatingMethodAccessorImpl.invoke(DelegatingMethodAccessorImpl.java:25)
	at java.lang.reflect.Method.invoke(Method.java:597)
	at org.junit.runners.model.FrameworkMethod$1.runReflectiveCall(FrameworkMethod.java:44)
	at org.junit.internal.runners.model.ReflectiveCallable.run(ReflectiveCallable.java:15)
	at org.junit.runners.model.FrameworkMethod.invokeExplosively(FrameworkMethod.java:41)
	at org.junit.internal.runners.statements.InvokeMethod.evaluate(InvokeMethod.java:20)
	at org.springframework.test.context.junit4.statements.RunBeforeTestMethodCallbacks.evaluate(RunBeforeTestMethodCallbacks.java:74)
	at org.springframework.test.context.junit4.statements.RunAfterTestMethodCallbacks.evaluate(RunAfterTestMethodCallbacks.java:82)
	at org.springframework.test.context.junit4.statements.SpringRepeat.evaluate(SpringRepeat.java:72)
	at org.springframework.test.context.junit4.SpringJUnit4ClassRunner.runChild(SpringJUnit4ClassRunner.java:240)
	at org.junit.runners.BlockJUnit4ClassRunner.runChild(BlockJUnit4ClassRunner.java:50)
	at org.junit.runners.ParentRunner$3.run(ParentRunner.java:193)
	at org.junit.runners.ParentRunner$1.schedule(ParentRunner.java:52)
	at org.junit.runners.ParentRunner.runChildren(ParentRunner.java:191)
	at org.junit.runners.ParentRunner.access$000(ParentRunner.java:42)
	at org.junit.runners.ParentRunner$2.evaluate(ParentRunner.java:184)
	at org.springframework.test.context.junit4.statements.RunBeforeTestClassCallbacks.evaluate(RunBeforeTestClassCallbacks.java:61)
	at org.springframework.test.context.junit4.statements.RunAfterTestClassCallbacks.evaluate(RunAfterTestClassCallbacks.java:70)
	at org.junit.runners.ParentRunner.run(ParentRunner.java:236)
	at org.springframework.test.context.junit4.SpringJUnit4ClassRunner.run(SpringJUnit4ClassRunner.java:180)
	at org.apache.maven.surefire.junit4.JUnit4TestSet.execute(JUnit4TestSet.java:59)
	at org.apache.maven.surefire.suite.AbstractDirectoryTestSuite.executeTestSet(AbstractDirectoryTestSuite.java:115)
	at org.apache.maven.surefire.suite.AbstractDirectoryTestSuite.execute(AbstractDirectoryTestSuite.java:102)
	at org.apache.maven.surefire.Surefire.run(Surefire.java:180)
	at sun.reflect.NativeMethodAccessorImpl.invoke0(Native Method)
	at sun.reflect.NativeMethodAccessorImpl.invoke(NativeMethodAccessorImpl.java:39)
	at sun.reflect.DelegatingMethodAccessorImpl.invoke(DelegatingMethodAccessorImpl.java:25)
	at java.lang.reflect.Method.invoke(Method.java:597)
	at org.apache.maven.surefire.booter.SurefireBooter.runSuitesInProcess(SurefireBooter.java:350)
	at org.apache.maven.surefire.booter.SurefireBooter.main(SurefireBooter.java:1021)
Caused by: org.h2.jdbc.JdbcSQLException: Table "STUJOB_SALARY" not found; SQL statement:
select salary0_.id as col_0_0_ from stujob_salary salary0_ [42102-133]
	at org.h2.message.DbException.getJdbcSQLException(DbException.java:316)
	at org.h2.message.DbException.get(DbException.java:167)
	at org.h2.message.DbException.get(DbException.java:144)
	at org.h2.command.Parser.readTableOrView(Parser.java:4346)
	at org.h2.command.Parser.readTableFilter(Parser.java:1000)
	at org.h2.command.Parser.parseSelectSimpleFromPart(Parser.java:1528)
	at org.h2.command.Parser.parseSelectSimple(Parser.java:1625)
	at org.h2.command.Parser.parseSelectSub(Parser.java:1522)
	at org.h2.command.Parser.parseSelectUnion(Parser.java:1367)
	at org.h2.command.Parser.parseSelect(Parser.java:1355)
	at org.h2.command.Parser.parsePrepared(Parser.java:395)
	at org.h2.command.Parser.parse(Parser.java:278)
	at org.h2.command.Parser.parse(Parser.java:250)
	at org.h2.command.Parser.prepareCommand(Parser.java:222)
	at org.h2.engine.Session.prepareLocal(Session.java:420)
	at org.h2.engine.Session.prepareCommand(Session.java:381)
	at org.h2.jdbc.JdbcConnection.prepareCommand(JdbcConnection.java:1071)
	at org.h2.jdbc.JdbcPreparedStatement.<init>(JdbcPreparedStatement.java:71)
	at org.h2.jdbc.JdbcConnection.prepareStatement(JdbcConnection.java:234)
	at org.hibernate.jdbc.AbstractBatcher.getPreparedStatement(AbstractBatcher.java:534)
	at org.hibernate.jdbc.AbstractBatcher.getPreparedStatement(AbstractBatcher.java:452)
	at org.hibernate.jdbc.AbstractBatcher.prepareQueryStatement(AbstractBatcher.java:161)
	at org.hibernate.loader.Loader.prepareQueryStatement(Loader.java:1577)
	at org.hibernate.loader.hql.QueryLoader.iterate(QueryLoader.java:422)
	... 37 more

